INFO - 2024-06-07 00:55:21 --> Session: Class initialized using 'CodeIgniter\Session\Handlers\FileHandler' driver.
INFO - 2024-06-07 00:55:28 --> Session: Class initialized using 'CodeIgniter\Session\Handlers\FileHandler' driver.
CRITICAL - 2024-06-07 00:55:28 --> ErrorException: Undefined array key 0
in APPPATH\Views\dashboard\certificate_view.php on line 12.
 1 APPPATH\Views\dashboard\certificate_view.php(12): CodeIgniter\Debug\Exceptions->errorHandler(2, 'Undefined array key 0', 'C:\\Users\\User\\Desktop\\codeigniterprojects\\aiist-net-project\\app\\Views\\dashboard\\certificate_view.php', 12)
 2 SYSTEMPATH\View\View.php(228): include('C:\\Users\\User\\Desktop\\codeigniterprojects\\aiist-net-project\\app\\Views\\dashboard\\certificate_view.php')
 3 SYSTEMPATH\View\View.php(231): CodeIgniter\View\View->CodeIgniter\View\{closure}()
 4 SYSTEMPATH\Common.php(1178): CodeIgniter\View\View->render('dashboard/certificate_view', [], true)
 5 APPPATH\Controllers\CertificateController.php(115): view('dashboard/certificate_view', [...])
 6 SYSTEMPATH\CodeIgniter.php(941): App\Controllers\CertificateController->view_certificate('img', 'favicon.ico')
 7 SYSTEMPATH\CodeIgniter.php(502): CodeIgniter\CodeIgniter->runController(Object(App\Controllers\CertificateController))
 8 SYSTEMPATH\CodeIgniter.php(361): CodeIgniter\CodeIgniter->handleRequest(null, Object(Config\Cache), false)
 9 FCPATH\index.php(79): CodeIgniter\CodeIgniter->run()
10 SYSTEMPATH\Commands\Server\rewrite.php(47): require_once('C:\\Users\\User\\Desktop\\codeigniterprojects\\aiist-net-project\\public\\index.php')
INFO - 2024-06-07 00:55:34 --> Session: Class initialized using 'CodeIgniter\Session\Handlers\FileHandler' driver.
INFO - 2024-06-07 00:55:39 --> Session: Class initialized using 'CodeIgniter\Session\Handlers\FileHandler' driver.
CRITICAL - 2024-06-07 00:55:39 --> ErrorException: Undefined array key 0
in APPPATH\Views\dashboard\certificate_view.php on line 12.
 1 APPPATH\Views\dashboard\certificate_view.php(12): CodeIgniter\Debug\Exceptions->errorHandler(2, 'Undefined array key 0', 'C:\\Users\\User\\Desktop\\codeigniterprojects\\aiist-net-project\\app\\Views\\dashboard\\certificate_view.php', 12)
 2 SYSTEMPATH\View\View.php(228): include('C:\\Users\\User\\Desktop\\codeigniterprojects\\aiist-net-project\\app\\Views\\dashboard\\certificate_view.php')
 3 SYSTEMPATH\View\View.php(231): CodeIgniter\View\View->CodeIgniter\View\{closure}()
 4 SYSTEMPATH\Common.php(1178): CodeIgniter\View\View->render('dashboard/certificate_view', [], true)
 5 APPPATH\Controllers\CertificateController.php(115): view('dashboard/certificate_view', [...])
 6 SYSTEMPATH\CodeIgniter.php(941): App\Controllers\CertificateController->view_certificate('img', 'favicon.ico')
 7 SYSTEMPATH\CodeIgniter.php(502): CodeIgniter\CodeIgniter->runController(Object(App\Controllers\CertificateController))
 8 SYSTEMPATH\CodeIgniter.php(361): CodeIgniter\CodeIgniter->handleRequest(null, Object(Config\Cache), false)
 9 FCPATH\index.php(79): CodeIgniter\CodeIgniter->run()
10 SYSTEMPATH\Commands\Server\rewrite.php(47): require_once('C:\\Users\\User\\Desktop\\codeigniterprojects\\aiist-net-project\\public\\index.php')
INFO - 2024-06-07 00:56:02 --> Session: Class initialized using 'CodeIgniter\Session\Handlers\FileHandler' driver.
INFO - 2024-06-07 00:56:21 --> Session: Class initialized using 'CodeIgniter\Session\Handlers\FileHandler' driver.
INFO - 2024-06-07 00:56:22 --> Session: Class initialized using 'CodeIgniter\Session\Handlers\FileHandler' driver.
INFO - 2024-06-07 00:56:31 --> Session: Class initialized using 'CodeIgniter\Session\Handlers\FileHandler' driver.
INFO - 2024-06-07 00:56:32 --> Session: Class initialized using 'CodeIgniter\Session\Handlers\FileHandler' driver.
INFO - 2024-06-07 00:57:08 --> Session: Class initialized using 'CodeIgniter\Session\Handlers\FileHandler' driver.
INFO - 2024-06-07 00:57:17 --> Session: Class initialized using 'CodeIgniter\Session\Handlers\FileHandler' driver.
INFO - 2024-06-07 00:57:30 --> Session: Class initialized using 'CodeIgniter\Session\Handlers\FileHandler' driver.
CRITICAL - 2024-06-07 00:57:31 --> ErrorException: Undefined array key 0
in APPPATH\Views\dashboard\certificate_view.php on line 12.
 1 APPPATH\Views\dashboard\certificate_view.php(12): CodeIgniter\Debug\Exceptions->errorHandler(2, 'Undefined array key 0', 'C:\\Users\\User\\Desktop\\codeigniterprojects\\aiist-net-project\\app\\Views\\dashboard\\certificate_view.php', 12)
 2 SYSTEMPATH\View\View.php(228): include('C:\\Users\\User\\Desktop\\codeigniterprojects\\aiist-net-project\\app\\Views\\dashboard\\certificate_view.php')
 3 SYSTEMPATH\View\View.php(231): CodeIgniter\View\View->CodeIgniter\View\{closure}()
 4 SYSTEMPATH\Common.php(1178): CodeIgniter\View\View->render('dashboard/certificate_view', [], true)
 5 APPPATH\Controllers\CertificateController.php(115): view('dashboard/certificate_view', [...])
 6 SYSTEMPATH\CodeIgniter.php(941): App\Controllers\CertificateController->view_certificate('img', 'favicon.ico')
 7 SYSTEMPATH\CodeIgniter.php(502): CodeIgniter\CodeIgniter->runController(Object(App\Controllers\CertificateController))
 8 SYSTEMPATH\CodeIgniter.php(361): CodeIgniter\CodeIgniter->handleRequest(null, Object(Config\Cache), false)
 9 FCPATH\index.php(79): CodeIgniter\CodeIgniter->run()
10 SYSTEMPATH\Commands\Server\rewrite.php(47): require_once('C:\\Users\\User\\Desktop\\codeigniterprojects\\aiist-net-project\\public\\index.php')
INFO - 2024-06-07 01:00:57 --> Session: Class initialized using 'CodeIgniter\Session\Handlers\FileHandler' driver.
INFO - 2024-06-07 01:01:02 --> Session: Class initialized using 'CodeIgniter\Session\Handlers\FileHandler' driver.
CRITICAL - 2024-06-07 01:01:03 --> ErrorException: Undefined array key 0
in APPPATH\Views\dashboard\certificate_view.php on line 12.
 1 APPPATH\Views\dashboard\certificate_view.php(12): CodeIgniter\Debug\Exceptions->errorHandler(2, 'Undefined array key 0', 'C:\\Users\\User\\Desktop\\codeigniterprojects\\aiist-net-project\\app\\Views\\dashboard\\certificate_view.php', 12)
 2 SYSTEMPATH\View\View.php(228): include('C:\\Users\\User\\Desktop\\codeigniterprojects\\aiist-net-project\\app\\Views\\dashboard\\certificate_view.php')
 3 SYSTEMPATH\View\View.php(231): CodeIgniter\View\View->CodeIgniter\View\{closure}()
 4 SYSTEMPATH\Common.php(1178): CodeIgniter\View\View->render('dashboard/certificate_view', [], true)
 5 APPPATH\Controllers\CertificateController.php(115): view('dashboard/certificate_view', [...])
 6 SYSTEMPATH\CodeIgniter.php(941): App\Controllers\CertificateController->view_certificate('img', 'favicon.ico')
 7 SYSTEMPATH\CodeIgniter.php(502): CodeIgniter\CodeIgniter->runController(Object(App\Controllers\CertificateController))
 8 SYSTEMPATH\CodeIgniter.php(361): CodeIgniter\CodeIgniter->handleRequest(null, Object(Config\Cache), false)
 9 FCPATH\index.php(79): CodeIgniter\CodeIgniter->run()
10 SYSTEMPATH\Commands\Server\rewrite.php(47): require_once('C:\\Users\\User\\Desktop\\codeigniterprojects\\aiist-net-project\\public\\index.php')
INFO - 2024-06-07 01:01:32 --> Session: Class initialized using 'CodeIgniter\Session\Handlers\FileHandler' driver.
INFO - 2024-06-07 01:01:39 --> Session: Class initialized using 'CodeIgniter\Session\Handlers\FileHandler' driver.
CRITICAL - 2024-06-07 01:01:39 --> ErrorException: Undefined array key 0
in APPPATH\Views\dashboard\certificate_view.php on line 12.
 1 APPPATH\Views\dashboard\certificate_view.php(12): CodeIgniter\Debug\Exceptions->errorHandler(2, 'Undefined array key 0', 'C:\\Users\\User\\Desktop\\codeigniterprojects\\aiist-net-project\\app\\Views\\dashboard\\certificate_view.php', 12)
 2 SYSTEMPATH\View\View.php(228): include('C:\\Users\\User\\Desktop\\codeigniterprojects\\aiist-net-project\\app\\Views\\dashboard\\certificate_view.php')
 3 SYSTEMPATH\View\View.php(231): CodeIgniter\View\View->CodeIgniter\View\{closure}()
 4 SYSTEMPATH\Common.php(1178): CodeIgniter\View\View->render('dashboard/certificate_view', [], true)
 5 APPPATH\Controllers\CertificateController.php(115): view('dashboard/certificate_view', [...])
 6 SYSTEMPATH\CodeIgniter.php(941): App\Controllers\CertificateController->view_certificate('img', 'favicon.ico')
 7 SYSTEMPATH\CodeIgniter.php(502): CodeIgniter\CodeIgniter->runController(Object(App\Controllers\CertificateController))
 8 SYSTEMPATH\CodeIgniter.php(361): CodeIgniter\CodeIgniter->handleRequest(null, Object(Config\Cache), false)
 9 FCPATH\index.php(79): CodeIgniter\CodeIgniter->run()
10 SYSTEMPATH\Commands\Server\rewrite.php(47): require_once('C:\\Users\\User\\Desktop\\codeigniterprojects\\aiist-net-project\\public\\index.php')
INFO - 2024-06-07 01:02:11 --> Session: Class initialized using 'CodeIgniter\Session\Handlers\FileHandler' driver.
INFO - 2024-06-07 01:02:17 --> Session: Class initialized using 'CodeIgniter\Session\Handlers\FileHandler' driver.
CRITICAL - 2024-06-07 01:02:17 --> ErrorException: Undefined array key 0
in APPPATH\Views\dashboard\certificate_view.php on line 12.
 1 APPPATH\Views\dashboard\certificate_view.php(12): CodeIgniter\Debug\Exceptions->errorHandler(2, 'Undefined array key 0', 'C:\\Users\\User\\Desktop\\codeigniterprojects\\aiist-net-project\\app\\Views\\dashboard\\certificate_view.php', 12)
 2 SYSTEMPATH\View\View.php(228): include('C:\\Users\\User\\Desktop\\codeigniterprojects\\aiist-net-project\\app\\Views\\dashboard\\certificate_view.php')
 3 SYSTEMPATH\View\View.php(231): CodeIgniter\View\View->CodeIgniter\View\{closure}()
 4 SYSTEMPATH\Common.php(1178): CodeIgniter\View\View->render('dashboard/certificate_view', [], true)
 5 APPPATH\Controllers\CertificateController.php(115): view('dashboard/certificate_view', [...])
 6 SYSTEMPATH\CodeIgniter.php(941): App\Controllers\CertificateController->view_certificate('img', 'favicon.ico')
 7 SYSTEMPATH\CodeIgniter.php(502): CodeIgniter\CodeIgniter->runController(Object(App\Controllers\CertificateController))
 8 SYSTEMPATH\CodeIgniter.php(361): CodeIgniter\CodeIgniter->handleRequest(null, Object(Config\Cache), false)
 9 FCPATH\index.php(79): CodeIgniter\CodeIgniter->run()
10 SYSTEMPATH\Commands\Server\rewrite.php(47): require_once('C:\\Users\\User\\Desktop\\codeigniterprojects\\aiist-net-project\\public\\index.php')
INFO - 2024-06-07 01:04:28 --> Session: Class initialized using 'CodeIgniter\Session\Handlers\FileHandler' driver.
INFO - 2024-06-07 01:04:39 --> Session: Class initialized using 'CodeIgniter\Session\Handlers\FileHandler' driver.
CRITICAL - 2024-06-07 01:04:39 --> ErrorException: Undefined array key 0
in APPPATH\Views\dashboard\certificate_view.php on line 12.
 1 APPPATH\Views\dashboard\certificate_view.php(12): CodeIgniter\Debug\Exceptions->errorHandler(2, 'Undefined array key 0', 'C:\\Users\\User\\Desktop\\codeigniterprojects\\aiist-net-project\\app\\Views\\dashboard\\certificate_view.php', 12)
 2 SYSTEMPATH\View\View.php(228): include('C:\\Users\\User\\Desktop\\codeigniterprojects\\aiist-net-project\\app\\Views\\dashboard\\certificate_view.php')
 3 SYSTEMPATH\View\View.php(231): CodeIgniter\View\View->CodeIgniter\View\{closure}()
 4 SYSTEMPATH\Common.php(1178): CodeIgniter\View\View->render('dashboard/certificate_view', [], true)
 5 APPPATH\Controllers\CertificateController.php(115): view('dashboard/certificate_view', [...])
 6 SYSTEMPATH\CodeIgniter.php(941): App\Controllers\CertificateController->view_certificate('img', 'favicon.ico')
 7 SYSTEMPATH\CodeIgniter.php(502): CodeIgniter\CodeIgniter->runController(Object(App\Controllers\CertificateController))
 8 SYSTEMPATH\CodeIgniter.php(361): CodeIgniter\CodeIgniter->handleRequest(null, Object(Config\Cache), false)
 9 FCPATH\index.php(79): CodeIgniter\CodeIgniter->run()
10 SYSTEMPATH\Commands\Server\rewrite.php(47): require_once('C:\\Users\\User\\Desktop\\codeigniterprojects\\aiist-net-project\\public\\index.php')
INFO - 2024-06-07 01:06:28 --> Session: Class initialized using 'CodeIgniter\Session\Handlers\FileHandler' driver.
INFO - 2024-06-07 01:06:34 --> Session: Class initialized using 'CodeIgniter\Session\Handlers\FileHandler' driver.
CRITICAL - 2024-06-07 01:06:34 --> ErrorException: Undefined array key 0
in APPPATH\Views\dashboard\certificate_view.php on line 12.
 1 APPPATH\Views\dashboard\certificate_view.php(12): CodeIgniter\Debug\Exceptions->errorHandler(2, 'Undefined array key 0', 'C:\\Users\\User\\Desktop\\codeigniterprojects\\aiist-net-project\\app\\Views\\dashboard\\certificate_view.php', 12)
 2 SYSTEMPATH\View\View.php(228): include('C:\\Users\\User\\Desktop\\codeigniterprojects\\aiist-net-project\\app\\Views\\dashboard\\certificate_view.php')
 3 SYSTEMPATH\View\View.php(231): CodeIgniter\View\View->CodeIgniter\View\{closure}()
 4 SYSTEMPATH\Common.php(1178): CodeIgniter\View\View->render('dashboard/certificate_view', [], true)
 5 APPPATH\Controllers\CertificateController.php(115): view('dashboard/certificate_view', [...])
 6 SYSTEMPATH\CodeIgniter.php(941): App\Controllers\CertificateController->view_certificate('img', 'favicon.ico')
 7 SYSTEMPATH\CodeIgniter.php(502): CodeIgniter\CodeIgniter->runController(Object(App\Controllers\CertificateController))
 8 SYSTEMPATH\CodeIgniter.php(361): CodeIgniter\CodeIgniter->handleRequest(null, Object(Config\Cache), false)
 9 FCPATH\index.php(79): CodeIgniter\CodeIgniter->run()
10 SYSTEMPATH\Commands\Server\rewrite.php(47): require_once('C:\\Users\\User\\Desktop\\codeigniterprojects\\aiist-net-project\\public\\index.php')
INFO - 2024-06-07 01:44:37 --> Session: Class initialized using 'CodeIgniter\Session\Handlers\FileHandler' driver.
